{
  "stats": {
    "suites": 1,
    "tests": 11,
    "passes": 9,
    "pending": 0,
    "failures": 2,
    "start": "2021-02-21T17:05:30.784Z",
    "end": "2021-02-21T17:05:31.966Z",
    "duration": 1182,
    "testsRegistered": 11,
    "passPercent": 81.81818181818183,
    "pendingPercent": 0,
    "other": 0,
    "hasOther": false,
    "skipped": 0,
    "hasSkipped": false
  },
  "results": [
    {
      "uuid": "6959c07c-82f4-455b-8b0a-0166339672cd",
      "title": "",
      "fullFile": "cypress/integration/APITests/apitests.spec.js",
      "file": "cypress/integration/APITests/apitests.spec.js",
      "beforeHooks": [],
      "afterHooks": [],
      "tests": [],
      "suites": [
        {
          "uuid": "42661439-52f2-4d95-8d60-d9867b6d098a",
          "title": "API Test Suite",
          "fullFile": "",
          "file": "",
          "beforeHooks": [],
          "afterHooks": [],
          "tests": [
            {
              "title": "AUTH_01-- User should be successful login",
              "fullTitle": "API Test Suite AUTH_01-- User should be successful login",
              "timedOut": null,
              "duration": 94,
              "state": "passed",
              "speed": "slow",
              "pass": true,
              "fail": false,
              "pending": false,
              "context": null,
              "code": "cy.request({\n    method: \"POST\",\n    url: \"/auth/login\",\n    form: true,\n    body: {\n        username: authcreds.auth_username,\n        password: authcreds.auth_password,\n    },\n})\n    .as(\"Login\")\n    .then(function (response) {\n    access_token = response.body.access_token;\n    expect(response.body).to.have.property(\"access_token\");\n});",
              "err": {},
              "uuid": "b563dcfa-9591-4396-bc74-aa5328cb6b0a",
              "parentUUID": "42661439-52f2-4d95-8d60-d9867b6d098a",
              "isHook": false,
              "skipped": false
            },
            {
              "title": "AUTH_02-- User login should be maintained",
              "fullTitle": "API Test Suite AUTH_02-- User login should be maintained",
              "timedOut": null,
              "duration": 23,
              "state": "passed",
              "speed": "fast",
              "pass": true,
              "fail": false,
              "pending": false,
              "context": null,
              "code": "cy.request({\n    method: \"GET\",\n    url: \"/auth/me\",\n    headers: {\n        Authorization: \"Bearer \" + access_token,\n    },\n}).then(function (response) {\n    expect(response.status).equal(200);\n});",
              "err": {},
              "uuid": "6680ef20-d301-48a7-a331-d429a8a6c48c",
              "parentUUID": "42661439-52f2-4d95-8d60-d9867b6d098a",
              "isHook": false,
              "skipped": false
            },
            {
              "title": "AUTH_03-- User  should be successfully logout",
              "fullTitle": "API Test Suite AUTH_03-- User  should be successfully logout",
              "timedOut": null,
              "duration": 374,
              "state": "failed",
              "speed": null,
              "pass": false,
              "fail": true,
              "pending": false,
              "context": null,
              "code": "cy.request({\n    method: \"GET\",\n    url: \"/auth/logout\",\n    headers: {\n        Authorization: \"Bearer \" + access_token,\n    },\n}).then(function (response) {\n    expect(response.status).equal(200);\n});",
              "err": {
                "message": "CypressError: `cy.request()` failed on:\n\nhttp://localhost:8000/auth/logout\n\nThe response we received from your web server was:\n\n  > 409: Conflict\n\nThis was considered a failure because the status code was not `2xx` or `3xx`.\n\nIf you do not want status codes to cause failures pass the option: `failOnStatusCode: false`\n\n-----------------------------------------------------------\n\nThe request we sent was:\n\nMethod: GET\nURL: http://localhost:8000/auth/logout\nHeaders: {\n  \"Connection\": \"keep-alive\",\n  \"Authorization\": \"Bearer eyJ0eXAiOiJKV1QiLCJhbGciOiJIUzI1NiJ9.eyJzdWIiOiJ0ZXN0IiwiZXhwIjoxNjEzOTI4OTMwfQ.rckdcU1ldPBOF9E029pd4a1adT-UhIXQOAeD0ulqCsA\",\n  \"user-agent\": \"Mozilla/5.0 (Macintosh; Intel Mac OS X 10_14_6) AppleWebKit/537.36 (KHTML, like Gecko) Cypress/4.7.0 Chrome/80.0.3987.165 Electron/8.3.0 Safari/537.36\",\n  \"accept\": \"*/*\",\n  \"accept-encoding\": \"gzip, deflate\"\n}\n\n-----------------------------------------------------------\n\nThe response we got was:\n\nStatus: 409 - Conflict\nHeaders: {\n  \"date\": \"Sun, 21 Feb 2021 17:05:29 GMT\",\n  \"server\": \"uvicorn\",\n  \"content-length\": \"57\",\n  \"content-type\": \"application/json\"\n}\nBody: {\n  \"detail\": \"Incorrect username or conflicted credentials\"\n}\n\n\nhttps://on.cypress.io/request",
                "estack": "CypressError: `cy.request()` failed on:\n\nhttp://localhost:8000/auth/logout\n\nThe response we received from your web server was:\n\n  > 409: Conflict\n\nThis was considered a failure because the status code was not `2xx` or `3xx`.\n\nIf you do not want status codes to cause failures pass the option: `failOnStatusCode: false`\n\n-----------------------------------------------------------\n\nThe request we sent was:\n\nMethod: GET\nURL: http://localhost:8000/auth/logout\nHeaders: {\n  \"Connection\": \"keep-alive\",\n  \"Authorization\": \"Bearer eyJ0eXAiOiJKV1QiLCJhbGciOiJIUzI1NiJ9.eyJzdWIiOiJ0ZXN0IiwiZXhwIjoxNjEzOTI4OTMwfQ.rckdcU1ldPBOF9E029pd4a1adT-UhIXQOAeD0ulqCsA\",\n  \"user-agent\": \"Mozilla/5.0 (Macintosh; Intel Mac OS X 10_14_6) AppleWebKit/537.36 (KHTML, like Gecko) Cypress/4.7.0 Chrome/80.0.3987.165 Electron/8.3.0 Safari/537.36\",\n  \"accept\": \"*/*\",\n  \"accept-encoding\": \"gzip, deflate\"\n}\n\n-----------------------------------------------------------\n\nThe response we got was:\n\nStatus: 409 - Conflict\nHeaders: {\n  \"date\": \"Sun, 21 Feb 2021 17:05:29 GMT\",\n  \"server\": \"uvicorn\",\n  \"content-length\": \"57\",\n  \"content-type\": \"application/json\"\n}\nBody: {\n  \"detail\": \"Incorrect username or conflicted credentials\"\n}\n\n\nhttps://on.cypress.io/request\n    at http://localhost:8000/__cypress/runner/cypress_runner.js:146413:21\n    at tryCatcher (http://localhost:8000/__cypress/runner/cypress_runner.js:10384:23)\n    at Promise._settlePromiseFromHandler (http://localhost:8000/__cypress/runner/cypress_runner.js:8319:31)\n    at Promise._settlePromise (http://localhost:8000/__cypress/runner/cypress_runner.js:8376:18)\n    at Promise._settlePromise0 (http://localhost:8000/__cypress/runner/cypress_runner.js:8421:10)\n    at Promise._settlePromises (http://localhost:8000/__cypress/runner/cypress_runner.js:8501:18)\n    at _drainQueueStep (http://localhost:8000/__cypress/runner/cypress_runner.js:5091:12)\n    at _drainQueue (http://localhost:8000/__cypress/runner/cypress_runner.js:5084:9)\n    at Async.../../node_modules/bluebird/js/release/async.js.Async._drainQueues (http://localhost:8000/__cypress/runner/cypress_runner.js:5100:5)\n    at Async.drainQueues (http://localhost:8000/__cypress/runner/cypress_runner.js:4970:14)\nFrom Your Spec Code:\n    at Context.eval (http://localhost:8000/__cypress/tests?p=cypress/integration/APITests/apitests.spec.js:39:12)",
                "diff": null
              },
              "uuid": "5dcb2a29-c6ed-4630-8112-68dfc87612be",
              "parentUUID": "42661439-52f2-4d95-8d60-d9867b6d098a",
              "isHook": false,
              "skipped": false
            },
            {
              "title": "REQID-CON_01--Should allow to store new contact data",
              "fullTitle": "API Test Suite REQID-CON_01--Should allow to store new contact data",
              "timedOut": null,
              "duration": 44,
              "state": "passed",
              "speed": "medium",
              "pass": true,
              "fail": false,
              "pending": false,
              "context": null,
              "code": "cy.request({\n    method: \"POST\",\n    headers: {\n        Authorization: \"Bearer \" + access_token,\n    },\n    url: \"/api/v1/contacts/\",\n    body: {\n        firstName: \"TEST \" + Date.now(),\n        lastName: \"QA\",\n        email: \"test@yopmail.com\",\n        phone: \"0213 \" + Date.now(),\n        mobile: \"0092 \" + Date.now(),\n    },\n}).then(function (response) {\n    console.log(response.body);\n    expect(response.status).equal(201);\n    expect(response)\n        .property(\"body\")\n        .to.contain({\n        lastName: \"QA\",\n        email: \"test@yopmail.com\",\n    });\n});",
              "err": {},
              "uuid": "508b9cf0-2edc-42bb-bed6-703cef6be121",
              "parentUUID": "42661439-52f2-4d95-8d60-d9867b6d098a",
              "isHook": false,
              "skipped": false
            },
            {
              "title": "REQID-CON_02--Should not allow duplicate entries",
              "fullTitle": "API Test Suite REQID-CON_02--Should not allow duplicate entries",
              "timedOut": null,
              "duration": 47,
              "state": "passed",
              "speed": "medium",
              "pass": true,
              "fail": false,
              "pending": false,
              "context": null,
              "code": "cy.request({\n    method: \"POST\",\n    headers: {\n        Authorization: \"Bearer \" + access_token,\n    },\n    failOnStatusCode: false,\n    url: \"/api/v1/contacts/\",\n    body: {\n        firstName: \"Abc\",\n        lastName: \"xyz\",\n    },\n}).then(function (response) {\n    console.log(response.body);\n    expect(response.status).equal(400);\n    console.log(\"Contact already exists\");\n});",
              "err": {},
              "uuid": "960ee93b-16a6-48ce-b04b-c52eaa3ba41b",
              "parentUUID": "42661439-52f2-4d95-8d60-d9867b6d098a",
              "isHook": false,
              "skipped": false
            },
            {
              "title": "REQID-CON_03--Should retreive all previously created contacts",
              "fullTitle": "API Test Suite REQID-CON_03--Should retreive all previously created contacts",
              "timedOut": null,
              "duration": 37,
              "state": "passed",
              "speed": "fast",
              "pass": true,
              "fail": false,
              "pending": false,
              "context": null,
              "code": "cy.request({\n    method: \"GET\",\n    headers: {\n        Authorization: \"Bearer \" + access_token,\n    },\n    url: \"/api/v1/contacts/search\",\n}).then(function (response) {\n    expect(response.body).to.not.be.null;\n    expect(response.status).equal(200);\n});",
              "err": {},
              "uuid": "8486bec4-471b-4ba8-a2bf-6ec3719a90b8",
              "parentUUID": "42661439-52f2-4d95-8d60-d9867b6d098a",
              "isHook": false,
              "skipped": false
            },
            {
              "title": "REQID-CON_04--Should retrieve previously created contacts by contact id",
              "fullTitle": "API Test Suite REQID-CON_04--Should retrieve previously created contacts by contact id",
              "timedOut": null,
              "duration": 25,
              "state": "passed",
              "speed": "fast",
              "pass": true,
              "fail": false,
              "pending": false,
              "context": null,
              "code": "cy.request({\n    method: \"GET\",\n    headers: {\n        Authorization: \"Bearer \" + access_token,\n    },\n    url: \"/api/v1/contacts/2\",\n}).then(function (response) {\n    expect(response.body).to.not.be.null;\n    expect(response.status).to.eq(200);\n});",
              "err": {},
              "uuid": "cf467881-d1a8-4596-9909-edf94293ac07",
              "parentUUID": "42661439-52f2-4d95-8d60-d9867b6d098a",
              "isHook": false,
              "skipped": false
            },
            {
              "title": "REQID-CON_05--Should update previously created contact by unique id",
              "fullTitle": "API Test Suite REQID-CON_05--Should update previously created contact by unique id",
              "timedOut": null,
              "duration": 30,
              "state": "passed",
              "speed": "fast",
              "pass": true,
              "fail": false,
              "pending": false,
              "context": null,
              "code": "cy.request({\n    method: \"PATCH\",\n    headers: {\n        Authorization: \"Bearer \" + access_token,\n    },\n    url: \"/api/v1/contacts/2\",\n    failOnStatusCode: false,\n    body: {\n        firstName: \"Regression\",\n        lastName: \"Status\",\n    },\n}).then(function (response) {\n    expect(response.status).equal(200);\n    expect(response)\n        .property(\"body\")\n        .to.contain({\n        id: 2,\n    });\n});",
              "err": {},
              "uuid": "c3196a14-d8e4-45f0-a186-8e56c5621701",
              "parentUUID": "42661439-52f2-4d95-8d60-d9867b6d098a",
              "isHook": false,
              "skipped": false
            },
            {
              "title": "REQID-CON_06--Should search contacts by first name and last name",
              "fullTitle": "API Test Suite REQID-CON_06--Should search contacts by first name and last name",
              "timedOut": null,
              "duration": 26,
              "state": "passed",
              "speed": "fast",
              "pass": true,
              "fail": false,
              "pending": false,
              "context": null,
              "code": "cy.request({\n    method: \"GET\",\n    headers: {\n        Authorization: \"Bearer \" + access_token,\n    },\n    url: \"/api/v1/contacts/search?first_name&last_name\",\n}).then(function (response) {\n    expect(response.status).equal(200);\n    expect({ firstName: \"Abc\", lastName: \"xyz\" }).to.deep.equal({\n        firstName: \"Abc\",\n        lastName: \"xyz\",\n    });\n});",
              "err": {},
              "uuid": "13b52706-0eef-46ca-9985-d27362f5a20a",
              "parentUUID": "42661439-52f2-4d95-8d60-d9867b6d098a",
              "isHook": false,
              "skipped": false
            },
            {
              "title": "REQID-CON_07--Should delete previously created contacts by contact id",
              "fullTitle": "API Test Suite REQID-CON_07--Should delete previously created contacts by contact id",
              "timedOut": null,
              "duration": 24,
              "state": "passed",
              "speed": "fast",
              "pass": true,
              "fail": false,
              "pending": false,
              "context": null,
              "code": "var id;\ncy.request({\n    method: \"DELETE\",\n    headers: {\n        Authorization: \"Bearer \" + access_token,\n    },\n    url: \"/api/v1/contacts/8\",\n}).then(function (response) {\n    expect(response.body).to.be.null;\n    expect(response.status).equal(204);\n});",
              "err": {},
              "uuid": "e5551bb6-fa2c-4cad-b61d-8d713d55fce8",
              "parentUUID": "42661439-52f2-4d95-8d60-d9867b6d098a",
              "isHook": false,
              "skipped": false
            },
            {
              "title": "SEC_01-- User  should be successfully logout",
              "fullTitle": "API Test Suite SEC_01-- User  should be successfully logout",
              "timedOut": null,
              "duration": 369,
              "state": "failed",
              "speed": null,
              "pass": false,
              "fail": true,
              "pending": false,
              "context": null,
              "code": "cy.request({\n    method: \"GET\",\n    url: \"/auth/logout\",\n    headers: {\n        Authorization: \"Bearer \" + access_token,\n    },\n}).then(function (response) {\n    expect(response.status).equal(200);\n});",
              "err": {
                "message": "CypressError: `cy.request()` failed on:\n\nhttp://localhost:8000/auth/logout\n\nThe response we received from your web server was:\n\n  > 409: Conflict\n\nThis was considered a failure because the status code was not `2xx` or `3xx`.\n\nIf you do not want status codes to cause failures pass the option: `failOnStatusCode: false`\n\n-----------------------------------------------------------\n\nThe request we sent was:\n\nMethod: GET\nURL: http://localhost:8000/auth/logout\nHeaders: {\n  \"Connection\": \"keep-alive\",\n  \"Authorization\": \"Bearer eyJ0eXAiOiJKV1QiLCJhbGciOiJIUzI1NiJ9.eyJzdWIiOiJ0ZXN0IiwiZXhwIjoxNjEzOTI4OTMwfQ.rckdcU1ldPBOF9E029pd4a1adT-UhIXQOAeD0ulqCsA\",\n  \"user-agent\": \"Mozilla/5.0 (Macintosh; Intel Mac OS X 10_14_6) AppleWebKit/537.36 (KHTML, like Gecko) Cypress/4.7.0 Chrome/80.0.3987.165 Electron/8.3.0 Safari/537.36\",\n  \"accept\": \"*/*\",\n  \"accept-encoding\": \"gzip, deflate\"\n}\n\n-----------------------------------------------------------\n\nThe response we got was:\n\nStatus: 409 - Conflict\nHeaders: {\n  \"date\": \"Sun, 21 Feb 2021 17:05:29 GMT\",\n  \"server\": \"uvicorn\",\n  \"content-length\": \"57\",\n  \"content-type\": \"application/json\"\n}\nBody: {\n  \"detail\": \"Incorrect username or conflicted credentials\"\n}\n\n\nhttps://on.cypress.io/request",
                "estack": "CypressError: `cy.request()` failed on:\n\nhttp://localhost:8000/auth/logout\n\nThe response we received from your web server was:\n\n  > 409: Conflict\n\nThis was considered a failure because the status code was not `2xx` or `3xx`.\n\nIf you do not want status codes to cause failures pass the option: `failOnStatusCode: false`\n\n-----------------------------------------------------------\n\nThe request we sent was:\n\nMethod: GET\nURL: http://localhost:8000/auth/logout\nHeaders: {\n  \"Connection\": \"keep-alive\",\n  \"Authorization\": \"Bearer eyJ0eXAiOiJKV1QiLCJhbGciOiJIUzI1NiJ9.eyJzdWIiOiJ0ZXN0IiwiZXhwIjoxNjEzOTI4OTMwfQ.rckdcU1ldPBOF9E029pd4a1adT-UhIXQOAeD0ulqCsA\",\n  \"user-agent\": \"Mozilla/5.0 (Macintosh; Intel Mac OS X 10_14_6) AppleWebKit/537.36 (KHTML, like Gecko) Cypress/4.7.0 Chrome/80.0.3987.165 Electron/8.3.0 Safari/537.36\",\n  \"accept\": \"*/*\",\n  \"accept-encoding\": \"gzip, deflate\"\n}\n\n-----------------------------------------------------------\n\nThe response we got was:\n\nStatus: 409 - Conflict\nHeaders: {\n  \"date\": \"Sun, 21 Feb 2021 17:05:29 GMT\",\n  \"server\": \"uvicorn\",\n  \"content-length\": \"57\",\n  \"content-type\": \"application/json\"\n}\nBody: {\n  \"detail\": \"Incorrect username or conflicted credentials\"\n}\n\n\nhttps://on.cypress.io/request\n    at http://localhost:8000/__cypress/runner/cypress_runner.js:146413:21\n    at tryCatcher (http://localhost:8000/__cypress/runner/cypress_runner.js:10384:23)\n    at Promise._settlePromiseFromHandler (http://localhost:8000/__cypress/runner/cypress_runner.js:8319:31)\n    at Promise._settlePromise (http://localhost:8000/__cypress/runner/cypress_runner.js:8376:18)\n    at Promise._settlePromise0 (http://localhost:8000/__cypress/runner/cypress_runner.js:8421:10)\n    at Promise._settlePromises (http://localhost:8000/__cypress/runner/cypress_runner.js:8501:18)\n    at _drainQueueStep (http://localhost:8000/__cypress/runner/cypress_runner.js:5091:12)\n    at _drainQueue (http://localhost:8000/__cypress/runner/cypress_runner.js:5084:9)\n    at Async.../../node_modules/bluebird/js/release/async.js.Async._drainQueues (http://localhost:8000/__cypress/runner/cypress_runner.js:5100:5)\n    at Async.drainQueues (http://localhost:8000/__cypress/runner/cypress_runner.js:4970:14)\nFrom Your Spec Code:\n    at Context.eval (http://localhost:8000/__cypress/tests?p=cypress/integration/APITests/apitests.spec.js:166:12)",
                "diff": null
              },
              "uuid": "f9005385-e1b2-4ea0-9706-a124f8a05449",
              "parentUUID": "42661439-52f2-4d95-8d60-d9867b6d098a",
              "isHook": false,
              "skipped": false
            }
          ],
          "suites": [],
          "passes": [
            "b563dcfa-9591-4396-bc74-aa5328cb6b0a",
            "6680ef20-d301-48a7-a331-d429a8a6c48c",
            "508b9cf0-2edc-42bb-bed6-703cef6be121",
            "960ee93b-16a6-48ce-b04b-c52eaa3ba41b",
            "8486bec4-471b-4ba8-a2bf-6ec3719a90b8",
            "cf467881-d1a8-4596-9909-edf94293ac07",
            "c3196a14-d8e4-45f0-a186-8e56c5621701",
            "13b52706-0eef-46ca-9985-d27362f5a20a",
            "e5551bb6-fa2c-4cad-b61d-8d713d55fce8"
          ],
          "failures": [
            "5dcb2a29-c6ed-4630-8112-68dfc87612be",
            "f9005385-e1b2-4ea0-9706-a124f8a05449"
          ],
          "pending": [],
          "skipped": [],
          "duration": 1093,
          "root": false,
          "rootEmpty": false,
          "_timeout": 2000
        }
      ],
      "passes": [],
      "failures": [],
      "pending": [],
      "skipped": [],
      "duration": 0,
      "root": true,
      "rootEmpty": true,
      "_timeout": 2000
    }
  ],
  "meta": {
    "mocha": {
      "version": "7.0.1"
    },
    "mochawesome": {
      "options": {
        "quiet": false,
        "reportFilename": "mochawesome",
        "saveHtml": true,
        "saveJson": true,
        "consoleReporter": "spec",
        "useInlineDiffs": false,
        "code": true
      },
      "version": "5.0.0"
    },
    "marge": {
      "options": {
        "id": "default",
        "reportDir": "cypress/reports/mocha",
        "quite": true,
        "overwrite": false,
        "html": true,
        "json": true
      },
      "version": "4.1.0"
    }
  }
}