{
  "stats": {
    "suites": 1,
    "tests": 9,
    "passes": 8,
    "pending": 0,
    "failures": 1,
    "start": "2021-02-21T09:10:39.698Z",
    "end": "2021-02-21T09:10:40.517Z",
    "duration": 819,
    "testsRegistered": 9,
    "passPercent": 88.88888888888889,
    "pendingPercent": 0,
    "other": 0,
    "hasOther": false,
    "skipped": 0,
    "hasSkipped": false
  },
  "results": [
    {
      "uuid": "42bf6b6a-be06-45f4-a841-9750e6c21f79",
      "title": "",
      "fullFile": "cypress/integration/APITests/apitests.spec.js",
      "file": "cypress/integration/APITests/apitests.spec.js",
      "beforeHooks": [],
      "afterHooks": [],
      "tests": [],
      "suites": [
        {
          "uuid": "e0e57376-7b12-4490-a460-9addda4f51ad",
          "title": "API Test Suite",
          "fullFile": "",
          "file": "",
          "beforeHooks": [],
          "afterHooks": [],
          "tests": [
            {
              "title": "AUTH_01-- User should be successful login",
              "fullTitle": "API Test Suite AUTH_01-- User should be successful login",
              "timedOut": null,
              "duration": 106,
              "state": "passed",
              "speed": "slow",
              "pass": true,
              "fail": false,
              "pending": false,
              "context": null,
              "code": "cy.request({\n    method: \"POST\",\n    url: \"/auth/login\",\n    form: true,\n    body: {\n        username: authcreds.auth_username,\n        password: authcreds.auth_password,\n    },\n}).then(function (response) {\n    expect(response.body).to.have.property(\"access_token\");\n    access_token = response.body.access_token;\n});\n//cy.request('GET','/api/v1/contacts/')",
              "err": {},
              "uuid": "645c491f-66b3-4579-9b77-eb91fd9a1d6a",
              "parentUUID": "e0e57376-7b12-4490-a460-9addda4f51ad",
              "isHook": false,
              "skipped": false
            },
            {
              "title": "AUTH_02-- User login should be maintained",
              "fullTitle": "API Test Suite AUTH_02-- User login should be maintained",
              "timedOut": null,
              "duration": 34,
              "state": "passed",
              "speed": "fast",
              "pass": true,
              "fail": false,
              "pending": false,
              "context": null,
              "code": "cy.request({\n    method: \"GET\",\n    url: \"/auth/me\",\n    headers: {\n        Authorization: \"Bearer \" + access_token,\n    },\n}).then(function (response) {\n    expect(response.status).equal(200);\n});",
              "err": {},
              "uuid": "8bc26da7-3ee1-45ed-84c0-4cc6da03800c",
              "parentUUID": "e0e57376-7b12-4490-a460-9addda4f51ad",
              "isHook": false,
              "skipped": false
            },
            {
              "title": "REQID-CON_01--Should allow to store new contact data",
              "fullTitle": "API Test Suite REQID-CON_01--Should allow to store new contact data",
              "timedOut": null,
              "duration": 52,
              "state": "passed",
              "speed": "medium",
              "pass": true,
              "fail": false,
              "pending": false,
              "context": null,
              "code": "cy.request({\n    method: \"POST\",\n    headers: {\n        Authorization: \"Bearer \" + access_token,\n    },\n    url: \"/api/v1/contacts/\",\n    body: {\n        firstName: \"TEST \" + Date.now(),\n        lastName: \"QA\",\n        email: \"test@yopmail.com\",\n        phone: \"0213 \" + Date.now(),\n        mobile: \"0092 \" + Date.now(),\n    },\n}).then(function (response) {\n    console.log(response.body);\n    expect(response.status).equal(201);\n    expect(response).property(\"body\").to.contain({\n        lastName: \"QA\",\n        email: \"test@yopmail.com\",\n    });\n});",
              "err": {},
              "uuid": "b3687bad-3844-45b9-b6d7-17c48dd1d190",
              "parentUUID": "e0e57376-7b12-4490-a460-9addda4f51ad",
              "isHook": false,
              "skipped": false
            },
            {
              "title": "REQID-CON_02--Should not allow duplicate entries",
              "fullTitle": "API Test Suite REQID-CON_02--Should not allow duplicate entries",
              "timedOut": null,
              "duration": 51,
              "state": "passed",
              "speed": "medium",
              "pass": true,
              "fail": false,
              "pending": false,
              "context": null,
              "code": "cy.request({\n    method: \"POST\",\n    headers: {\n        Authorization: \"Bearer \" + access_token,\n    },\n    failOnStatusCode: false,\n    url: \"/api/v1/contacts/\",\n    body: {\n        firstName: \"Regression\",\n        lastName: \"Results\",\n    },\n}).then(function (response) {\n    console.log(response.body);\n    expect(response.status).equal(400);\n    console.log(\"Contact already exists\");\n});",
              "err": {},
              "uuid": "59bd8060-2437-4277-b472-621e6464b551",
              "parentUUID": "e0e57376-7b12-4490-a460-9addda4f51ad",
              "isHook": false,
              "skipped": false
            },
            {
              "title": "REQID-CON_03--Should retreive all previously created contacts",
              "fullTitle": "API Test Suite REQID-CON_03--Should retreive all previously created contacts",
              "timedOut": null,
              "duration": 24,
              "state": "passed",
              "speed": "fast",
              "pass": true,
              "fail": false,
              "pending": false,
              "context": null,
              "code": "cy.request({\n    method: \"GET\",\n    headers: {\n        Authorization: \"Bearer \" + access_token,\n    },\n    url: \"/api/v1/contacts/search\",\n}).then(function (response) {\n    expect(response.status).equal(200);\n});",
              "err": {},
              "uuid": "74221b37-b623-4231-8e50-cfd9577d796e",
              "parentUUID": "e0e57376-7b12-4490-a460-9addda4f51ad",
              "isHook": false,
              "skipped": false
            },
            {
              "title": "REQID-CON_04--Should retrieve  previously created contacts by contact id",
              "fullTitle": "API Test Suite REQID-CON_04--Should retrieve  previously created contacts by contact id",
              "timedOut": null,
              "duration": 23,
              "state": "passed",
              "speed": "fast",
              "pass": true,
              "fail": false,
              "pending": false,
              "context": null,
              "code": "cy.request({\n    method: \"GET\",\n    headers: {\n        Authorization: \"Bearer \" + access_token,\n    },\n    url: \"/api/v1/contacts/2\",\n}).then(function (response) {\n    expect(response.status).equal(200);\n    expect(response.body).to.have.any.keys(\"id\");\n});",
              "err": {},
              "uuid": "e1dc4364-a8e0-4840-bb88-c86c45051525",
              "parentUUID": "e0e57376-7b12-4490-a460-9addda4f51ad",
              "isHook": false,
              "skipped": false
            },
            {
              "title": "REQID-CON_05--Should update previously created contact by unique id",
              "fullTitle": "API Test Suite REQID-CON_05--Should update previously created contact by unique id",
              "timedOut": null,
              "duration": 29,
              "state": "passed",
              "speed": "fast",
              "pass": true,
              "fail": false,
              "pending": false,
              "context": null,
              "code": "cy.request({\n    method: \"PATCH\",\n    headers: {\n        Authorization: \"Bearer \" + access_token,\n    },\n    url: \"/api/v1/contacts/2\",\n    body: {\n        firstName: \"Regression\",\n        lastName: \"Results\",\n    },\n}).then(function (response) {\n    expect(response.status).equal(200);\n    expect(response).property(\"body\").to.contain({\n        firstName: \"Regression\",\n        lastName: \"Results\",\n        id: 2,\n    });\n});",
              "err": {},
              "uuid": "102b8761-29e7-47d2-8976-c9fc2737e29e",
              "parentUUID": "e0e57376-7b12-4490-a460-9addda4f51ad",
              "isHook": false,
              "skipped": false
            },
            {
              "title": "REQID-CON_06--Should search contacts by first name and last name",
              "fullTitle": "API Test Suite REQID-CON_06--Should search contacts by first name and last name",
              "timedOut": null,
              "duration": 25,
              "state": "passed",
              "speed": "fast",
              "pass": true,
              "fail": false,
              "pending": false,
              "context": null,
              "code": "cy.request({\n    method: \"GET\",\n    headers: {\n        Authorization: \"Bearer \" + access_token,\n    },\n    url: \"/api/v1/contacts/search?first_name&last_name\",\n}).then(function (response) {\n    expect(response.status).equal(200);\n    expect({ firstName: \"Framework\", lastName: \"Automation\" }).to.deep.equal({\n        firstName: \"Framework\",\n        lastName: \"Automation\",\n    });\n});",
              "err": {},
              "uuid": "8971086f-747e-42dd-8cdf-b07bff45c608",
              "parentUUID": "e0e57376-7b12-4490-a460-9addda4f51ad",
              "isHook": false,
              "skipped": false
            },
            {
              "title": "REQID-CON_07--Should delete previously created contacts by contact id",
              "fullTitle": "API Test Suite REQID-CON_07--Should delete previously created contacts by contact id",
              "timedOut": null,
              "duration": 451,
              "state": "failed",
              "speed": null,
              "pass": false,
              "fail": true,
              "pending": false,
              "context": null,
              "code": "cy.request({\n    method: \"DELETE\",\n    headers: {\n        Authorization: \"Bearer \" + access_token,\n    },\n    url: \"/api/v1/contacts/6\",\n    failOnStatusCode: false,\n}).then(function (response) {\n    expect(response.status).equal(204);\n});",
              "err": {
                "message": "AssertionError: expected 404 to equal 204",
                "estack": "AssertionError: expected 404 to equal 204\n    at Context.eval (http://localhost:8000/__cypress/tests?p=cypress/integration/APITests/apitests.spec.js:156:37)",
                "diff": "- 404\n+ 204\n"
              },
              "uuid": "9f84d1fe-5112-4e98-8bd6-918761ff7494",
              "parentUUID": "e0e57376-7b12-4490-a460-9addda4f51ad",
              "isHook": false,
              "skipped": false
            }
          ],
          "suites": [],
          "passes": [
            "645c491f-66b3-4579-9b77-eb91fd9a1d6a",
            "8bc26da7-3ee1-45ed-84c0-4cc6da03800c",
            "b3687bad-3844-45b9-b6d7-17c48dd1d190",
            "59bd8060-2437-4277-b472-621e6464b551",
            "74221b37-b623-4231-8e50-cfd9577d796e",
            "e1dc4364-a8e0-4840-bb88-c86c45051525",
            "102b8761-29e7-47d2-8976-c9fc2737e29e",
            "8971086f-747e-42dd-8cdf-b07bff45c608"
          ],
          "failures": [
            "9f84d1fe-5112-4e98-8bd6-918761ff7494"
          ],
          "pending": [],
          "skipped": [],
          "duration": 795,
          "root": false,
          "rootEmpty": false,
          "_timeout": 2000
        }
      ],
      "passes": [],
      "failures": [],
      "pending": [],
      "skipped": [],
      "duration": 0,
      "root": true,
      "rootEmpty": true,
      "_timeout": 2000
    }
  ],
  "meta": {
    "mocha": {
      "version": "7.0.1"
    },
    "mochawesome": {
      "options": {
        "quiet": false,
        "reportFilename": "mochawesome",
        "saveHtml": true,
        "saveJson": true,
        "consoleReporter": "spec",
        "useInlineDiffs": false,
        "code": true
      },
      "version": "5.0.0"
    },
    "marge": {
      "options": {
        "id": "default",
        "reportDir": "cypress/reports/mocha",
        "quite": true,
        "overwrite": false,
        "html": true,
        "json": true
      },
      "version": "4.1.0"
    }
  }
}