{
  "stats": {
    "suites": 1,
    "tests": 9,
    "passes": 8,
    "pending": 0,
    "failures": 1,
    "start": "2021-02-21T09:06:18.783Z",
    "end": "2021-02-21T09:06:19.639Z",
    "duration": 856,
    "testsRegistered": 9,
    "passPercent": 88.88888888888889,
    "pendingPercent": 0,
    "other": 0,
    "hasOther": false,
    "skipped": 0,
    "hasSkipped": false
  },
  "results": [
    {
      "uuid": "8f1710d2-74b4-4909-8e2c-771b93176433",
      "title": "",
      "fullFile": "cypress/integration/APITests/apitests.spec.js",
      "file": "cypress/integration/APITests/apitests.spec.js",
      "beforeHooks": [],
      "afterHooks": [],
      "tests": [],
      "suites": [
        {
          "uuid": "d36a5d6e-e76e-409a-bfaa-850bf20c2392",
          "title": "API Test Suite",
          "fullFile": "",
          "file": "",
          "beforeHooks": [],
          "afterHooks": [],
          "tests": [
            {
              "title": "AUTH_01-- User should be successful login",
              "fullTitle": "API Test Suite AUTH_01-- User should be successful login",
              "timedOut": null,
              "duration": 123,
              "state": "passed",
              "speed": "slow",
              "pass": true,
              "fail": false,
              "pending": false,
              "context": null,
              "code": "cy.request({\n    method: \"POST\",\n    url: \"/auth/login\",\n    form: true,\n    body: {\n        username: authcreds.auth_username,\n        password: authcreds.auth_password,\n    },\n}).then(function (response) {\n    expect(response.body).to.have.property(\"access_token\");\n    access_token = response.body.access_token;\n});",
              "err": {},
              "uuid": "af4ab11b-759c-499e-a84e-9fce3c78e77d",
              "parentUUID": "d36a5d6e-e76e-409a-bfaa-850bf20c2392",
              "isHook": false,
              "skipped": false
            },
            {
              "title": "AUTH_02-- User login should be maintained",
              "fullTitle": "API Test Suite AUTH_02-- User login should be maintained",
              "timedOut": null,
              "duration": 26,
              "state": "passed",
              "speed": "fast",
              "pass": true,
              "fail": false,
              "pending": false,
              "context": null,
              "code": "cy.request({\n    method: \"GET\",\n    url: \"/auth/me\",\n    headers: {\n        Authorization: \"Bearer \" + access_token,\n    },\n}).then(function (response) {\n    expect(response.status).equal(200);\n});",
              "err": {},
              "uuid": "23d072bd-7651-4933-9114-de21f2322c81",
              "parentUUID": "d36a5d6e-e76e-409a-bfaa-850bf20c2392",
              "isHook": false,
              "skipped": false
            },
            {
              "title": "REQID-CON_01--Should allow to store new contact data",
              "fullTitle": "API Test Suite REQID-CON_01--Should allow to store new contact data",
              "timedOut": null,
              "duration": 33,
              "state": "passed",
              "speed": "fast",
              "pass": true,
              "fail": false,
              "pending": false,
              "context": null,
              "code": "cy.request({\n    method: \"POST\",\n    headers: {\n        Authorization: \"Bearer \" + access_token,\n    },\n    url: \"/api/v1/contacts/\",\n    body: {\n        firstName: \"TEST \" + Date.now(),\n        lastName: \"QA\",\n        email: \"test@yopmail.com\",\n        phone: \"0213 \" + Date.now(),\n        mobile: \"0092 \" + Date.now(),\n    },\n}).then(function (response) {\n    console.log(response.body);\n    expect(response.status).equal(201);\n    expect(response).property(\"body\").to.contain({\n        lastName: \"QA\",\n        email: \"test@yopmail.com\",\n    });\n});",
              "err": {},
              "uuid": "9ef0bb04-baf7-4165-b7a6-87ffa20a132c",
              "parentUUID": "d36a5d6e-e76e-409a-bfaa-850bf20c2392",
              "isHook": false,
              "skipped": false
            },
            {
              "title": "REQID-CON_02--Should not allow duplicate entries",
              "fullTitle": "API Test Suite REQID-CON_02--Should not allow duplicate entries",
              "timedOut": null,
              "duration": 34,
              "state": "passed",
              "speed": "fast",
              "pass": true,
              "fail": false,
              "pending": false,
              "context": null,
              "code": "cy.request({\n    method: \"POST\",\n    headers: {\n        Authorization: \"Bearer \" + access_token,\n    },\n    failOnStatusCode: false,\n    url: \"/api/v1/contacts/\",\n    body: {\n        firstName: \"Regression\",\n        lastName: \"Results\",\n    },\n}).then(function (response) {\n    console.log(response.body);\n    expect(response.status).equal(400);\n    console.log(\"Contact already exists\");\n});",
              "err": {},
              "uuid": "300fd9e1-ae86-4b6a-8385-fb4b16a195a7",
              "parentUUID": "d36a5d6e-e76e-409a-bfaa-850bf20c2392",
              "isHook": false,
              "skipped": false
            },
            {
              "title": "REQID-CON_03--Should retreive all previously created contacts",
              "fullTitle": "API Test Suite REQID-CON_03--Should retreive all previously created contacts",
              "timedOut": null,
              "duration": 28,
              "state": "passed",
              "speed": "fast",
              "pass": true,
              "fail": false,
              "pending": false,
              "context": null,
              "code": "cy.request({\n    method: \"GET\",\n    headers: {\n        Authorization: \"Bearer \" + access_token,\n    },\n    url: \"/api/v1/contacts/search\",\n}).then(function (response) {\n    expect(response.status).equal(200);\n});",
              "err": {},
              "uuid": "4f4a5dcf-a87f-4258-8316-372b32d8e6e3",
              "parentUUID": "d36a5d6e-e76e-409a-bfaa-850bf20c2392",
              "isHook": false,
              "skipped": false
            },
            {
              "title": "REQID-CON_04--Should retrieve  previously created contacts by contact id",
              "fullTitle": "API Test Suite REQID-CON_04--Should retrieve  previously created contacts by contact id",
              "timedOut": null,
              "duration": 32,
              "state": "passed",
              "speed": "fast",
              "pass": true,
              "fail": false,
              "pending": false,
              "context": null,
              "code": "cy.request({\n    method: \"GET\",\n    headers: {\n        Authorization: \"Bearer \" + access_token,\n    },\n    url: \"/api/v1/contacts/2\",\n}).then(function (response) {\n    expect(response.status).equal(200);\n    expect(response.body).to.have.any.keys(\"id\");\n});",
              "err": {},
              "uuid": "db2862b0-753b-4e8c-acb0-c8f593c00737",
              "parentUUID": "d36a5d6e-e76e-409a-bfaa-850bf20c2392",
              "isHook": false,
              "skipped": false
            },
            {
              "title": "REQID-CON_05--Should update previously created contact by unique id",
              "fullTitle": "API Test Suite REQID-CON_05--Should update previously created contact by unique id",
              "timedOut": null,
              "duration": 42,
              "state": "passed",
              "speed": "medium",
              "pass": true,
              "fail": false,
              "pending": false,
              "context": null,
              "code": "cy.request({\n    method: \"PATCH\",\n    headers: {\n        Authorization: \"Bearer \" + access_token,\n    },\n    url: \"/api/v1/contacts/2\",\n    body: {\n        firstName: \"Regression\",\n        lastName: \"Results\",\n    },\n}).then(function (response) {\n    expect(response.status).equal(200);\n    expect(response).property(\"body\").to.contain({\n        firstName: \"Regression\",\n        lastName: \"Results\",\n        id: 2,\n    });\n});",
              "err": {},
              "uuid": "919a2ed9-aca1-4603-ae5b-6fc40a79cd6c",
              "parentUUID": "d36a5d6e-e76e-409a-bfaa-850bf20c2392",
              "isHook": false,
              "skipped": false
            },
            {
              "title": "REQID-CON_06--Should search contacts by first name and last name",
              "fullTitle": "API Test Suite REQID-CON_06--Should search contacts by first name and last name",
              "timedOut": null,
              "duration": 50,
              "state": "passed",
              "speed": "medium",
              "pass": true,
              "fail": false,
              "pending": false,
              "context": null,
              "code": "cy.request({\n    method: \"GET\",\n    headers: {\n        Authorization: \"Bearer \" + access_token,\n    },\n    url: \"/api/v1/contacts/search?first_name&last_name\",\n}).then(function (response) {\n    expect(response.status).equal(200);\n    expect({ firstName: \"Framework\", lastName: \"Automation\" }).to.deep.equal({\n        firstName: \"Framework\",\n        lastName: \"Automation\",\n    });\n});",
              "err": {},
              "uuid": "55fcf56d-644e-4a08-87f8-46bc4be9759d",
              "parentUUID": "d36a5d6e-e76e-409a-bfaa-850bf20c2392",
              "isHook": false,
              "skipped": false
            },
            {
              "title": "REQID-CON_07--Should delete previously created contacts by contact id",
              "fullTitle": "API Test Suite REQID-CON_07--Should delete previously created contacts by contact id",
              "timedOut": null,
              "duration": 453,
              "state": "failed",
              "speed": null,
              "pass": false,
              "fail": true,
              "pending": false,
              "context": null,
              "code": "cy.request({\n    method: \"DELETE\",\n    headers: {\n        Authorization: \"Bearer \" + access_token,\n    },\n    url: \"/api/v1/contacts/6\",\n    failOnStatusCode: false,\n}).then(function (response) {\n    expect(response.status).equal(204);\n});",
              "err": {
                "message": "AssertionError: expected 404 to equal 204",
                "estack": "AssertionError: expected 404 to equal 204\n    at Context.eval (http://localhost:8000/__cypress/tests?p=cypress/integration/APITests/apitests.spec.js:155:37)",
                "diff": "- 404\n+ 204\n"
              },
              "uuid": "440e9fd7-e04b-4b2f-b3b1-dfbc1bfb9a72",
              "parentUUID": "d36a5d6e-e76e-409a-bfaa-850bf20c2392",
              "isHook": false,
              "skipped": false
            }
          ],
          "suites": [],
          "passes": [
            "af4ab11b-759c-499e-a84e-9fce3c78e77d",
            "23d072bd-7651-4933-9114-de21f2322c81",
            "9ef0bb04-baf7-4165-b7a6-87ffa20a132c",
            "300fd9e1-ae86-4b6a-8385-fb4b16a195a7",
            "4f4a5dcf-a87f-4258-8316-372b32d8e6e3",
            "db2862b0-753b-4e8c-acb0-c8f593c00737",
            "919a2ed9-aca1-4603-ae5b-6fc40a79cd6c",
            "55fcf56d-644e-4a08-87f8-46bc4be9759d"
          ],
          "failures": [
            "440e9fd7-e04b-4b2f-b3b1-dfbc1bfb9a72"
          ],
          "pending": [],
          "skipped": [],
          "duration": 821,
          "root": false,
          "rootEmpty": false,
          "_timeout": 2000
        }
      ],
      "passes": [],
      "failures": [],
      "pending": [],
      "skipped": [],
      "duration": 0,
      "root": true,
      "rootEmpty": true,
      "_timeout": 2000
    }
  ],
  "meta": {
    "mocha": {
      "version": "7.0.1"
    },
    "mochawesome": {
      "options": {
        "quiet": false,
        "reportFilename": "mochawesome",
        "saveHtml": true,
        "saveJson": true,
        "consoleReporter": "spec",
        "useInlineDiffs": false,
        "code": true
      },
      "version": "5.0.0"
    },
    "marge": {
      "options": {
        "id": "default",
        "reportDir": "cypress/reports/mocha",
        "quite": true,
        "overwrite": false,
        "html": true,
        "json": true
      },
      "version": "4.1.0"
    }
  }
}