{
  "stats": {
    "suites": 1,
    "tests": 9,
    "passes": 9,
    "pending": 0,
    "failures": 0,
    "start": "2021-02-21T17:04:09.061Z",
    "end": "2021-02-21T17:04:09.397Z",
    "duration": 336,
    "testsRegistered": 9,
    "passPercent": 100,
    "pendingPercent": 0,
    "other": 0,
    "hasOther": false,
    "skipped": 0,
    "hasSkipped": false
  },
  "results": [
    {
      "uuid": "6a3ab318-f363-4edb-90f3-0ce74aadeeab",
      "title": "",
      "fullFile": "cypress/integration/APITests/apitests.spec.js",
      "file": "cypress/integration/APITests/apitests.spec.js",
      "beforeHooks": [],
      "afterHooks": [],
      "tests": [],
      "suites": [
        {
          "uuid": "dcc12859-1b66-4217-8b67-03816f04631e",
          "title": "API Test Suite",
          "fullFile": "",
          "file": "",
          "beforeHooks": [],
          "afterHooks": [],
          "tests": [
            {
              "title": "AUTH_01-- User should be successful login",
              "fullTitle": "API Test Suite AUTH_01-- User should be successful login",
              "timedOut": null,
              "duration": 126,
              "state": "passed",
              "speed": "slow",
              "pass": true,
              "fail": false,
              "pending": false,
              "context": null,
              "code": "cy.request({\n    method: \"POST\",\n    url: \"/auth/login\",\n    form: true,\n    body: {\n        username: authcreds.auth_username,\n        password: authcreds.auth_password,\n    },\n})\n    .as(\"Login\")\n    .then(function (response) {\n    access_token = response.body.access_token;\n    expect(response.body).to.have.property(\"access_token\");\n});",
              "err": {},
              "uuid": "988272cc-2441-4b69-9810-1f6d345a3ecd",
              "parentUUID": "dcc12859-1b66-4217-8b67-03816f04631e",
              "isHook": false,
              "skipped": false
            },
            {
              "title": "AUTH_02-- User login should be maintained",
              "fullTitle": "API Test Suite AUTH_02-- User login should be maintained",
              "timedOut": null,
              "duration": 46,
              "state": "passed",
              "speed": "medium",
              "pass": true,
              "fail": false,
              "pending": false,
              "context": null,
              "code": "cy.request({\n    method: \"GET\",\n    url: \"/auth/me\",\n    headers: {\n        Authorization: \"Bearer \" + access_token,\n    },\n}).then(function (response) {\n    expect(response.status).equal(200);\n});",
              "err": {},
              "uuid": "cacb196d-7f18-4f88-80e8-6288effc9536",
              "parentUUID": "dcc12859-1b66-4217-8b67-03816f04631e",
              "isHook": false,
              "skipped": false
            },
            {
              "title": "REQID-CON_01--Should allow to store new contact data",
              "fullTitle": "API Test Suite REQID-CON_01--Should allow to store new contact data",
              "timedOut": null,
              "duration": 35,
              "state": "passed",
              "speed": "fast",
              "pass": true,
              "fail": false,
              "pending": false,
              "context": null,
              "code": "cy.request({\n    method: \"POST\",\n    headers: {\n        Authorization: \"Bearer \" + access_token,\n    },\n    url: \"/api/v1/contacts/\",\n    body: {\n        firstName: \"TEST \" + Date.now(),\n        lastName: \"QA\",\n        email: \"test@yopmail.com\",\n        phone: \"0213 \" + Date.now(),\n        mobile: \"0092 \" + Date.now(),\n    },\n}).then(function (response) {\n    console.log(response.body);\n    expect(response.status).equal(201);\n    expect(response)\n        .property(\"body\")\n        .to.contain({\n        lastName: \"QA\",\n        email: \"test@yopmail.com\",\n    });\n});",
              "err": {},
              "uuid": "08860174-ca0a-4294-9640-6a449ae58707",
              "parentUUID": "dcc12859-1b66-4217-8b67-03816f04631e",
              "isHook": false,
              "skipped": false
            },
            {
              "title": "REQID-CON_02--Should not allow duplicate entries",
              "fullTitle": "API Test Suite REQID-CON_02--Should not allow duplicate entries",
              "timedOut": null,
              "duration": 29,
              "state": "passed",
              "speed": "fast",
              "pass": true,
              "fail": false,
              "pending": false,
              "context": null,
              "code": "cy.request({\n    method: \"POST\",\n    headers: {\n        Authorization: \"Bearer \" + access_token,\n    },\n    failOnStatusCode: false,\n    url: \"/api/v1/contacts/\",\n    body: {\n        firstName: \"Abc\",\n        lastName: \"xyz\",\n    },\n}).then(function (response) {\n    console.log(response.body);\n    expect(response.status).equal(400);\n    console.log(\"Contact already exists\");\n});",
              "err": {},
              "uuid": "4d29a6ed-7903-4091-a459-a80fafb8ca6b",
              "parentUUID": "dcc12859-1b66-4217-8b67-03816f04631e",
              "isHook": false,
              "skipped": false
            },
            {
              "title": "REQID-CON_03--Should retreive all previously created contacts",
              "fullTitle": "API Test Suite REQID-CON_03--Should retreive all previously created contacts",
              "timedOut": null,
              "duration": 49,
              "state": "passed",
              "speed": "medium",
              "pass": true,
              "fail": false,
              "pending": false,
              "context": null,
              "code": "cy.request({\n    method: \"GET\",\n    headers: {\n        Authorization: \"Bearer \" + access_token,\n    },\n    url: \"/api/v1/contacts/search\",\n}).then(function (response) {\n    expect(response.body).to.not.be.null;\n    expect(response.status).equal(200);\n});",
              "err": {},
              "uuid": "9894534e-8434-4e41-83e6-c628c0740d48",
              "parentUUID": "dcc12859-1b66-4217-8b67-03816f04631e",
              "isHook": false,
              "skipped": false
            },
            {
              "title": "REQID-CON_04--Should retrieve previously created contacts by contact id",
              "fullTitle": "API Test Suite REQID-CON_04--Should retrieve previously created contacts by contact id",
              "timedOut": null,
              "duration": 19,
              "state": "passed",
              "speed": "fast",
              "pass": true,
              "fail": false,
              "pending": false,
              "context": null,
              "code": "cy.request({\n    method: \"GET\",\n    headers: {\n        Authorization: \"Bearer \" + access_token,\n    },\n    url: \"/api/v1/contacts/2\",\n}).then(function (response) {\n    expect(response.body).to.not.be.null;\n    expect(response.status).to.eq(200);\n});",
              "err": {},
              "uuid": "b38f8b1b-2219-49eb-9888-e22e3b2f261b",
              "parentUUID": "dcc12859-1b66-4217-8b67-03816f04631e",
              "isHook": false,
              "skipped": false
            },
            {
              "title": "REQID-CON_05--Should update previously created contact by unique id",
              "fullTitle": "API Test Suite REQID-CON_05--Should update previously created contact by unique id",
              "timedOut": null,
              "duration": 22,
              "state": "passed",
              "speed": "fast",
              "pass": true,
              "fail": false,
              "pending": false,
              "context": null,
              "code": "cy.request({\n    method: \"PATCH\",\n    headers: {\n        Authorization: \"Bearer \" + access_token,\n    },\n    url: \"/api/v1/contacts/2\",\n    failOnStatusCode: false,\n    body: {\n        firstName: \"Regression\",\n        lastName: \"Status\",\n    },\n}).then(function (response) {\n    expect(response.status).equal(200);\n    expect(response)\n        .property(\"body\")\n        .to.contain({\n        id: 2,\n    });\n});",
              "err": {},
              "uuid": "f647d199-ef06-4db3-afb4-a3f6ff118be6",
              "parentUUID": "dcc12859-1b66-4217-8b67-03816f04631e",
              "isHook": false,
              "skipped": false
            },
            {
              "title": "REQID-CON_06--Should search contacts by first name and last name",
              "fullTitle": "API Test Suite REQID-CON_06--Should search contacts by first name and last name",
              "timedOut": null,
              "duration": 20,
              "state": "passed",
              "speed": "fast",
              "pass": true,
              "fail": false,
              "pending": false,
              "context": null,
              "code": "cy.request({\n    method: \"GET\",\n    headers: {\n        Authorization: \"Bearer \" + access_token,\n    },\n    url: \"/api/v1/contacts/search?first_name&last_name\",\n}).then(function (response) {\n    expect(response.status).equal(200);\n    expect({ firstName: \"Abc\", lastName: \"xyz\" }).to.deep.equal({\n        firstName: \"Abc\",\n        lastName: \"xyz\",\n    });\n});",
              "err": {},
              "uuid": "c4942ebb-3a91-4717-882f-ebf5cfdc250d",
              "parentUUID": "dcc12859-1b66-4217-8b67-03816f04631e",
              "isHook": false,
              "skipped": false
            },
            {
              "title": "REQID-CON_07--Should delete previously created contacts by contact id",
              "fullTitle": "API Test Suite REQID-CON_07--Should delete previously created contacts by contact id",
              "timedOut": null,
              "duration": 20,
              "state": "passed",
              "speed": "fast",
              "pass": true,
              "fail": false,
              "pending": false,
              "context": null,
              "code": "var id;\ncy.request({\n    method: \"DELETE\",\n    headers: {\n        Authorization: \"Bearer \" + access_token,\n    },\n    url: \"/api/v1/contacts/8\",\n}).then(function (response) {\n    expect(response.body).to.be.null;\n    expect(response.status).equal(204);\n});",
              "err": {},
              "uuid": "8ae3e5d4-af6d-4e46-882b-2cf82ff70542",
              "parentUUID": "dcc12859-1b66-4217-8b67-03816f04631e",
              "isHook": false,
              "skipped": false
            }
          ],
          "suites": [],
          "passes": [
            "988272cc-2441-4b69-9810-1f6d345a3ecd",
            "cacb196d-7f18-4f88-80e8-6288effc9536",
            "08860174-ca0a-4294-9640-6a449ae58707",
            "4d29a6ed-7903-4091-a459-a80fafb8ca6b",
            "9894534e-8434-4e41-83e6-c628c0740d48",
            "b38f8b1b-2219-49eb-9888-e22e3b2f261b",
            "f647d199-ef06-4db3-afb4-a3f6ff118be6",
            "c4942ebb-3a91-4717-882f-ebf5cfdc250d",
            "8ae3e5d4-af6d-4e46-882b-2cf82ff70542"
          ],
          "failures": [],
          "pending": [],
          "skipped": [],
          "duration": 366,
          "root": false,
          "rootEmpty": false,
          "_timeout": 2000
        }
      ],
      "passes": [],
      "failures": [],
      "pending": [],
      "skipped": [],
      "duration": 0,
      "root": true,
      "rootEmpty": true,
      "_timeout": 2000
    }
  ],
  "meta": {
    "mocha": {
      "version": "7.0.1"
    },
    "mochawesome": {
      "options": {
        "quiet": false,
        "reportFilename": "mochawesome",
        "saveHtml": true,
        "saveJson": true,
        "consoleReporter": "spec",
        "useInlineDiffs": false,
        "code": true
      },
      "version": "5.0.0"
    },
    "marge": {
      "options": {
        "id": "default",
        "reportDir": "cypress/reports/mocha",
        "quite": true,
        "overwrite": false,
        "html": true,
        "json": true
      },
      "version": "4.1.0"
    }
  }
}