{
  "stats": {
    "suites": 1,
    "tests": 9,
    "passes": 8,
    "pending": 0,
    "failures": 1,
    "start": "2021-02-21T08:59:30.887Z",
    "end": "2021-02-21T08:59:31.604Z",
    "duration": 717,
    "testsRegistered": 9,
    "passPercent": 88.88888888888889,
    "pendingPercent": 0,
    "other": 0,
    "hasOther": false,
    "skipped": 0,
    "hasSkipped": false
  },
  "results": [
    {
      "uuid": "61af9287-4cd7-4535-9c0e-40a40d9bd5c3",
      "title": "",
      "fullFile": "cypress/integration/APITests/apitests.spec.js",
      "file": "cypress/integration/APITests/apitests.spec.js",
      "beforeHooks": [],
      "afterHooks": [],
      "tests": [],
      "suites": [
        {
          "uuid": "fe9e6673-73a9-4106-a508-07f77ec2f9fc",
          "title": "API Test Suite",
          "fullFile": "",
          "file": "",
          "beforeHooks": [],
          "afterHooks": [],
          "tests": [
            {
              "title": "AUTH_01-- User should be successful login",
              "fullTitle": "API Test Suite AUTH_01-- User should be successful login",
              "timedOut": null,
              "duration": 103,
              "state": "passed",
              "speed": "slow",
              "pass": true,
              "fail": false,
              "pending": false,
              "context": null,
              "code": "cy.request({\n    method: \"POST\",\n    url: \"/auth/login\",\n    form: true,\n    body: {\n        username: authcreds.auth_username,\n        password: authcreds.auth_password,\n    },\n}).then(function (response) {\n    expect(response.body).to.have.property(\"access_token\");\n    access_token = response.body.access_token;\n});",
              "err": {},
              "uuid": "bc4329d2-8890-4918-9894-bdadd96eedbc",
              "parentUUID": "fe9e6673-73a9-4106-a508-07f77ec2f9fc",
              "isHook": false,
              "skipped": false
            },
            {
              "title": "AUTH_02-- User login should be maintained",
              "fullTitle": "API Test Suite AUTH_02-- User login should be maintained",
              "timedOut": null,
              "duration": 23,
              "state": "passed",
              "speed": "fast",
              "pass": true,
              "fail": false,
              "pending": false,
              "context": null,
              "code": "cy.request({\n    method: \"GET\",\n    url: \"/auth/me\",\n    headers: {\n        Authorization: \"Bearer \" + access_token,\n    },\n}).then(function (response) {\n    expect(response.status).equal(200);\n});",
              "err": {},
              "uuid": "e66154fa-5c8c-4513-aef6-9ead123c0ae4",
              "parentUUID": "fe9e6673-73a9-4106-a508-07f77ec2f9fc",
              "isHook": false,
              "skipped": false
            },
            {
              "title": "REQID-CON_01--Should allow to store new contact data",
              "fullTitle": "API Test Suite REQID-CON_01--Should allow to store new contact data",
              "timedOut": null,
              "duration": 39,
              "state": "passed",
              "speed": "medium",
              "pass": true,
              "fail": false,
              "pending": false,
              "context": null,
              "code": "cy.request({\n    method: \"POST\",\n    headers: {\n        Authorization: \"Bearer \" + access_token,\n    },\n    url: \"/api/v1/contacts/\",\n    body: {\n        firstName: \"TEST \" + Date.now(),\n        lastName: \"QA\",\n        email: \"test@yopmail.com\",\n        phone: \"0213 \" + Date.now(),\n        mobile: \"0092 \" + Date.now(),\n    },\n}).then(function (response) {\n    console.log(response.body);\n    expect(response.status).equal(201);\n    expect(response).property(\"body\").to.contain({\n        lastName: \"QA\",\n        email: \"test@yopmail.com\",\n    });\n});",
              "err": {},
              "uuid": "728555b2-266f-491c-a9ec-0432014b0102",
              "parentUUID": "fe9e6673-73a9-4106-a508-07f77ec2f9fc",
              "isHook": false,
              "skipped": false
            },
            {
              "title": "REQID-CON_02--Should not allow duplicate entries",
              "fullTitle": "API Test Suite REQID-CON_02--Should not allow duplicate entries",
              "timedOut": null,
              "duration": 29,
              "state": "passed",
              "speed": "fast",
              "pass": true,
              "fail": false,
              "pending": false,
              "context": null,
              "code": "cy.request({\n    method: \"POST\",\n    headers: {\n        Authorization: \"Bearer \" + access_token,\n    },\n    failOnStatusCode: false,\n    url: \"/api/v1/contacts/\",\n    body: {\n        firstName: \"Regression\",\n        lastName: \"Results\",\n    },\n}).then(function (response) {\n    console.log(response.body);\n    expect(response.status).equal(400);\n    console.log(\"Contact already exists\");\n});",
              "err": {},
              "uuid": "8d49e479-a465-42e2-b016-82044ff6885b",
              "parentUUID": "fe9e6673-73a9-4106-a508-07f77ec2f9fc",
              "isHook": false,
              "skipped": false
            },
            {
              "title": "REQID-CON_03--Should retreive all previously created contacts",
              "fullTitle": "API Test Suite REQID-CON_03--Should retreive all previously created contacts",
              "timedOut": null,
              "duration": 29,
              "state": "passed",
              "speed": "fast",
              "pass": true,
              "fail": false,
              "pending": false,
              "context": null,
              "code": "cy.request({\n    method: \"GET\",\n    headers: {\n        Authorization: \"Bearer \" + access_token,\n    },\n    url: \"/api/v1/contacts/search\",\n}).then(function (response) {\n    expect(response.status).equal(200);\n});",
              "err": {},
              "uuid": "aeb490aa-bf59-4484-80a9-fc3d0636fe13",
              "parentUUID": "fe9e6673-73a9-4106-a508-07f77ec2f9fc",
              "isHook": false,
              "skipped": false
            },
            {
              "title": "REQID-CON_04--Should retrieve  previously created contacts by contact id",
              "fullTitle": "API Test Suite REQID-CON_04--Should retrieve  previously created contacts by contact id",
              "timedOut": null,
              "duration": 42,
              "state": "passed",
              "speed": "medium",
              "pass": true,
              "fail": false,
              "pending": false,
              "context": null,
              "code": "cy.request({\n    method: \"GET\",\n    headers: {\n        Authorization: \"Bearer \" + access_token,\n    },\n    url: \"/api/v1/contacts/2\",\n}).then(function (response) {\n    expect(response.status).equal(200);\n    expect(response.body).to.have.any.keys(\"id\");\n});",
              "err": {},
              "uuid": "738c5124-95ad-4018-a25c-7fc7d1a9070f",
              "parentUUID": "fe9e6673-73a9-4106-a508-07f77ec2f9fc",
              "isHook": false,
              "skipped": false
            },
            {
              "title": "REQID-CON_05--Should update previously created contact by unique id",
              "fullTitle": "API Test Suite REQID-CON_05--Should update previously created contact by unique id",
              "timedOut": null,
              "duration": 25,
              "state": "passed",
              "speed": "fast",
              "pass": true,
              "fail": false,
              "pending": false,
              "context": null,
              "code": "cy.request({\n    method: \"PATCH\",\n    headers: {\n        Authorization: \"Bearer \" + access_token,\n    },\n    url: \"/api/v1/contacts/2\",\n    body: {\n        firstName: \"Regression\",\n        lastName: \"Results\",\n    },\n}).then(function (response) {\n    expect(response.status).equal(200);\n    expect(response).property(\"body\").to.contain({\n        firstName: \"Regression\",\n        lastName: \"Results\",\n        id: 2,\n    });\n});",
              "err": {},
              "uuid": "fbeb550c-31b0-404d-bde7-3a8c6ae2dd97",
              "parentUUID": "fe9e6673-73a9-4106-a508-07f77ec2f9fc",
              "isHook": false,
              "skipped": false
            },
            {
              "title": "REQID-CON_06--Should search contacts by first name and last name",
              "fullTitle": "API Test Suite REQID-CON_06--Should search contacts by first name and last name",
              "timedOut": null,
              "duration": 23,
              "state": "passed",
              "speed": "fast",
              "pass": true,
              "fail": false,
              "pending": false,
              "context": null,
              "code": "cy.request({\n    method: \"GET\",\n    headers: {\n        Authorization: \"Bearer \" + access_token,\n    },\n    url: \"/api/v1/contacts/search?first_name&last_name\",\n}).then(function (response) {\n    expect(response.status).equal(200);\n    expect({ firstName: \"Framework\", lastName: \"Automation\" }).to.deep.equal({\n        firstName: \"Framework\",\n        lastName: \"Automation\",\n    });\n});",
              "err": {},
              "uuid": "78162b1a-0282-42c8-8f00-8ca0cf2cf5c6",
              "parentUUID": "fe9e6673-73a9-4106-a508-07f77ec2f9fc",
              "isHook": false,
              "skipped": false
            },
            {
              "title": "REQID-CON_07--Should delete previously created contacts by contact id",
              "fullTitle": "API Test Suite REQID-CON_07--Should delete previously created contacts by contact id",
              "timedOut": null,
              "duration": 377,
              "state": "failed",
              "speed": null,
              "pass": false,
              "fail": true,
              "pending": false,
              "context": null,
              "code": "cy.request({\n    method: \"DELETE\",\n    headers: {\n        Authorization: \"Bearer \" + access_token,\n    },\n    url: \"/api/v1/contacts/6\",\n    failOnStatusCode: false,\n}).then(function (response) {\n    expect(response.status).equal(204);\n});",
              "err": {
                "message": "AssertionError: expected 404 to equal 204",
                "estack": "AssertionError: expected 404 to equal 204\n    at Context.eval (http://localhost:8000/__cypress/tests?p=cypress/integration/APITests/apitests.spec.js:155:37)",
                "diff": "- 404\n+ 204\n"
              },
              "uuid": "55cbaad5-ca81-4400-b6bf-899584500623",
              "parentUUID": "fe9e6673-73a9-4106-a508-07f77ec2f9fc",
              "isHook": false,
              "skipped": false
            }
          ],
          "suites": [],
          "passes": [
            "bc4329d2-8890-4918-9894-bdadd96eedbc",
            "e66154fa-5c8c-4513-aef6-9ead123c0ae4",
            "728555b2-266f-491c-a9ec-0432014b0102",
            "8d49e479-a465-42e2-b016-82044ff6885b",
            "aeb490aa-bf59-4484-80a9-fc3d0636fe13",
            "738c5124-95ad-4018-a25c-7fc7d1a9070f",
            "fbeb550c-31b0-404d-bde7-3a8c6ae2dd97",
            "78162b1a-0282-42c8-8f00-8ca0cf2cf5c6"
          ],
          "failures": [
            "55cbaad5-ca81-4400-b6bf-899584500623"
          ],
          "pending": [],
          "skipped": [],
          "duration": 690,
          "root": false,
          "rootEmpty": false,
          "_timeout": 2000
        }
      ],
      "passes": [],
      "failures": [],
      "pending": [],
      "skipped": [],
      "duration": 0,
      "root": true,
      "rootEmpty": true,
      "_timeout": 2000
    }
  ],
  "meta": {
    "mocha": {
      "version": "7.0.1"
    },
    "mochawesome": {
      "options": {
        "quiet": false,
        "reportFilename": "mochawesome",
        "saveHtml": true,
        "saveJson": true,
        "consoleReporter": "spec",
        "useInlineDiffs": false,
        "code": true
      },
      "version": "5.0.0"
    },
    "marge": {
      "options": {
        "id": "default",
        "reportDir": "cypress/reports/mocha",
        "quite": true,
        "overwrite": false,
        "html": true,
        "json": true
      },
      "version": "4.1.0"
    }
  }
}